# JRE version: Java(TM) SE Runtime Environment (8.0_211-b12) (build 1.8.0_211-b12)
# Java VM: Java HotSpot(TM) 64-Bit Server VM (25.211-b12 mixed mode windows-amd64 compressed oops)
Heap:
 PSYoungGen      total 644096K, used 214058K [0x000000076af80000, 0x0000000793700000, 0x00000007c0000000)
  eden space 626176K, 34% used [0x000000076af80000,0x000000077808a8c0,0x0000000791300000)
  from space 17920K, 0% used [0x0000000792580000,0x0000000792580000,0x0000000793700000)
  to   space 18432K, 14% used [0x0000000791300000,0x00000007915b0000,0x0000000792500000)
 ParOldGen       total 170496K, used 28220K [0x00000006c0e00000, 0x00000006cb480000, 0x000000076af80000)
  object space 170496K, 16% used [0x00000006c0e00000,0x00000006c298f388,0x00000006cb480000)
 Metaspace       used 66499K, capacity 70432K, committed 70744K, reserved 1110016K
  class space    used 8578K, capacity 9249K, committed 9344K, reserved 1048576K
GC Heap History (10 events):
Event: 1193.680 GC heap after
Heap after GC invocations=20 (full 8):
 PSYoungGen      total 645120K, used 0K [0x000000076af80000, 0x0000000793900000, 0x00000007c0000000)
  eden space 626176K, 0% used [0x000000076af80000,0x000000076af80000,0x0000000791300000)
  from space 18944K, 0% used [0x0000000792680000,0x0000000792680000,0x0000000793900000)
  to   space 19456K, 0% used [0x0000000791300000,0x0000000791300000,0x0000000792600000)
 ParOldGen       total 170496K, used 27643K [0x00000006c0e00000, 0x00000006cb480000, 0x000000076af80000)
  object space 170496K, 16% used [0x00000006c0e00000,0x00000006c28fee50,0x00000006cb480000)
 Metaspace       used 64374K, capacity 67718K, committed 67928K, reserved 1107968K
  class space    used 8431K, capacity 9015K, committed 9088K, reserved 1048576K
}
Event: 1270.069 GC heap before
{Heap before GC invocations=21 (full 8):
 PSYoungGen      total 645120K, used 215003K [0x000000076af80000, 0x0000000793900000, 0x00000007c0000000)
  eden space 626176K, 34% used [0x000000076af80000,0x0000000778176f98,0x0000000791300000)
  from space 18944K, 0% used [0x0000000792680000,0x0000000792680000,0x0000000793900000)
  to   space 19456K, 0% used [0x0000000791300000,0x0000000791300000,0x0000000792600000)
 ParOldGen       total 170496K, used 27643K [0x00000006c0e00000, 0x00000006cb480000, 0x000000076af80000)
  object space 170496K, 16% used [0x00000006c0e00000,0x00000006c28fee50,0x00000006cb480000)
 Metaspace       used 65224K, capacity 69076K, committed 69336K, reserved 1110016K
  class space    used 8501K, capacity 9133K, committed 9216K, reserved 1048576K
Event: 1270.076 GC heap after
Heap after GC invocations=21 (full 8):
 PSYoungGen      total 630784K, used 4464K [0x000000076af80000, 0x0000000793800000, 0x00000007c0000000)
  eden space 626176K, 0% used [0x000000076af80000,0x000000076af80000,0x0000000791300000)
  from space 4608K, 96% used [0x0000000791300000,0x000000079175c2f8,0x0000000791780000)
  to   space 18944K, 0% used [0x0000000792580000,0x0000000792580000,0x0000000793800000)
 ParOldGen       total 170496K, used 27651K [0x00000006c0e00000, 0x00000006cb480000, 0x000000076af80000)
  object space 170496K, 16% used [0x00000006c0e00000,0x00000006c2900e50,0x00000006cb480000)
 Metaspace       used 65224K, capacity 69076K, committed 69336K, reserved 1110016K
  class space    used 8501K, capacity 9133K, committed 9216K, reserved 1048576K
}
Event: 1270.076 GC heap before
{Heap before GC invocations=22 (full 9):
 PSYoungGen      total 630784K, used 4464K [0x000000076af80000, 0x0000000793800000, 0x00000007c0000000)
  eden space 626176K, 0% used [0x000000076af80000,0x000000076af80000,0x0000000791300000)
  from space 4608K, 96% used [0x0000000791300000,0x000000079175c2f8,0x0000000791780000)
  to   space 18944K, 0% used [0x0000000792580000,0x0000000792580000,0x0000000793800000)
 ParOldGen       total 170496K, used 27651K [0x00000006c0e00000, 0x00000006cb480000, 0x000000076af80000)
  object space 170496K, 16% used [0x00000006c0e00000,0x00000006c2900e50,0x00000006cb480000)
 Metaspace       used 65224K, capacity 69076K, committed 69336K, reserved 1110016K
  class space    used 8501K, capacity 9133K, committed 9216K, reserved 1048576K
Event: 1270.277 GC heap after
Heap after GC invocations=22 (full 9):
 PSYoungGen      total 630784K, used 0K [0x000000076af80000, 0x0000000793800000, 0x00000007c0000000)
  eden space 626176K, 0% used [0x000000076af80000,0x000000076af80000,0x0000000791300000)
  from space 4608K, 0% used [0x0000000791300000,0x0000000791300000,0x0000000791780000)
  to   space 18944K, 0% used [0x0000000792580000,0x0000000792580000,0x0000000793800000)
 ParOldGen       total 170496K, used 27956K [0x00000006c0e00000, 0x00000006cb480000, 0x000000076af80000)
  object space 170496K, 16% used [0x00000006c0e00000,0x00000006c294d1c0,0x00000006cb480000)
 Metaspace       used 65221K, capacity 69070K, committed 69336K, reserved 1110016K
  class space    used 8500K, capacity 9131K, committed 9216K, reserved 1048576K
}
Event: 1279.323 GC heap before
{Heap before GC invocations=23 (full 9):
 PSYoungGen      total 630784K, used 206765K [0x000000076af80000, 0x0000000793800000, 0x00000007c0000000)
  eden space 626176K, 33% used [0x000000076af80000,0x000000077796b720,0x0000000791300000)
  from space 4608K, 0% used [0x0000000791300000,0x0000000791300000,0x0000000791780000)
  to   space 18944K, 0% used [0x0000000792580000,0x0000000792580000,0x0000000793800000)
 ParOldGen       total 170496K, used 27956K [0x00000006c0e00000, 0x00000006cb480000, 0x000000076af80000)
  object space 170496K, 16% used [0x00000006c0e00000,0x00000006c294d1c0,0x00000006cb480000)
 Metaspace       used 65793K, capacity 69592K, committed 69848K, reserved 1110016K
  class space    used 8530K, capacity 9175K, committed 9216K, reserved 1048576K
Event: 1279.328 GC heap after
Heap after GC invocations=23 (full 9):
 PSYoungGen      total 644096K, used 4432K [0x000000076af80000, 0x0000000793700000, 0x00000007c0000000)
  eden space 626176K, 0% used [0x000000076af80000,0x000000076af80000,0x0000000791300000)
  from space 17920K, 24% used [0x0000000792580000,0x00000007929d42f8,0x0000000793700000)
  to   space 18432K, 0% used [0x0000000791300000,0x0000000791300000,0x0000000792500000)
 ParOldGen       total 170496K, used 27964K [0x00000006c0e00000, 0x00000006cb480000, 0x000000076af80000)
  object space 170496K, 16% used [0x00000006c0e00000,0x00000006c294f1c0,0x00000006cb480000)
 Metaspace       used 65793K, capacity 69592K, committed 69848K, reserved 1110016K
  class space    used 8530K, capacity 9175K, committed 9216K, reserved 1048576K
}
Event: 1279.328 GC heap before
{Heap before GC invocations=24 (full 10):
 PSYoungGen      total 644096K, used 4432K [0x000000076af80000, 0x0000000793700000, 0x00000007c0000000)
  eden space 626176K, 0% used [0x000000076af80000,0x000000076af80000,0x0000000791300000)
  from space 17920K, 24% used [0x0000000792580000,0x00000007929d42f8,0x0000000793700000)
  to   space 18432K, 0% used [0x0000000791300000,0x0000000791300000,0x0000000792500000)
 ParOldGen       total 170496K, used 27964K [0x00000006c0e00000, 0x00000006cb480000, 0x000000076af80000)
  object space 170496K, 16% used [0x00000006c0e00000,0x00000006c294f1c0,0x00000006cb480000)
 Metaspace       used 65793K, capacity 69592K, committed 69848K, reserved 1110016K
  class space    used 8530K, capacity 9175K, committed 9216K, reserved 1048576K
Event: 1279.464 GC heap after
Heap after GC invocations=24 (full 10):
 PSYoungGen      total 644096K, used 0K [0x000000076af80000, 0x0000000793700000, 0x00000007c0000000)
  eden space 626176K, 0% used [0x000000076af80000,0x000000076af80000,0x0000000791300000)
  from space 17920K, 0% used [0x0000000792580000,0x0000000792580000,0x0000000793700000)
  to   space 18432K, 0% used [0x0000000791300000,0x0000000791300000,0x0000000792500000)
 ParOldGen       total 170496K, used 28212K [0x00000006c0e00000, 0x00000006cb480000, 0x000000076af80000)
  object space 170496K, 16% used [0x00000006c0e00000,0x00000006c298d388,0x00000006cb480000)
 Metaspace       used 65790K, capacity 69586K, committed 69848K, reserved 1110016K
  class space    used 8529K, capacity 9173K, committed 9216K, reserved 1048576K
}
Event: 1302.594 GC heap before
{Heap before GC invocations=25 (full 10):
 PSYoungGen      total 644096K, used 214058K [0x000000076af80000, 0x0000000793700000, 0x00000007c0000000)
  eden space 626176K, 34% used [0x000000076af80000,0x000000077808a8c0,0x0000000791300000)
  from space 17920K, 0% used [0x0000000792580000,0x0000000792580000,0x0000000793700000)
  to   space 18432K, 0% used [0x0000000791300000,0x0000000791300000,0x0000000792500000)
 ParOldGen       total 170496K, used 28212K [0x00000006c0e00000, 0x00000006cb480000, 0x000000076af80000)
  object space 170496K, 16% used [0x00000006c0e00000,0x00000006c298d388,0x00000006cb480000)
 Metaspace       used 66499K, capacity 70432K, committed 70744K, reserved 1110016K
  class space    used 8578K, capacity 9249K, committed 9344K, reserved 1048576K

